<?xml version="1.0" encoding="UTF-8"?>
<testsuite name="com.joshu.Joshuk8s.JoshuK8sApplicationTests" tests="1" skipped="0" failures="0" errors="0" timestamp="2023-08-12T04:41:33" hostname="DESKTOP-9M3CKKC" time="1.431">
  <properties/>
  <testcase name="contextLoads()" classname="com.joshu.Joshuk8s.JoshuK8sApplicationTests" time="1.431"/>
  <system-out><![CDATA[12:41:27.946 [Test worker] DEBUG org.springframework.test.context.BootstrapUtils - Instantiating CacheAwareContextLoaderDelegate from class [org.springframework.test.context.cache.DefaultCacheAwareContextLoaderDelegate]
12:41:27.971 [Test worker] DEBUG org.springframework.test.context.BootstrapUtils - Instantiating BootstrapContext using constructor [public org.springframework.test.context.support.DefaultBootstrapContext(java.lang.Class,org.springframework.test.context.CacheAwareContextLoaderDelegate)]
12:41:28.030 [Test worker] DEBUG org.springframework.test.context.BootstrapUtils - Instantiating TestContextBootstrapper for test class [com.joshu.Joshuk8s.JoshuK8sApplicationTests] from class [org.springframework.boot.test.context.SpringBootTestContextBootstrapper]
12:41:28.066 [Test worker] INFO org.springframework.boot.test.context.SpringBootTestContextBootstrapper - Neither @ContextConfiguration nor @ContextHierarchy found for test class [com.joshu.Joshuk8s.JoshuK8sApplicationTests], using SpringBootContextLoader
12:41:28.071 [Test worker] DEBUG org.springframework.test.context.support.AbstractContextLoader - Did not detect default resource location for test class [com.joshu.Joshuk8s.JoshuK8sApplicationTests]: class path resource [com/joshu/Joshuk8s/JoshuK8sApplicationTests-context.xml] does not exist
12:41:28.071 [Test worker] DEBUG org.springframework.test.context.support.AbstractContextLoader - Did not detect default resource location for test class [com.joshu.Joshuk8s.JoshuK8sApplicationTests]: class path resource [com/joshu/Joshuk8s/JoshuK8sApplicationTestsContext.groovy] does not exist
12:41:28.071 [Test worker] INFO org.springframework.test.context.support.AbstractContextLoader - Could not detect default resource locations for test class [com.joshu.Joshuk8s.JoshuK8sApplicationTests]: no resource found for suffixes {-context.xml, Context.groovy}.
12:41:28.071 [Test worker] INFO org.springframework.test.context.support.AnnotationConfigContextLoaderUtils - Could not detect default configuration classes for test class [com.joshu.Joshuk8s.JoshuK8sApplicationTests]: JoshuK8sApplicationTests does not declare any static, non-private, non-final, nested classes annotated with @Configuration.
12:41:28.153 [Test worker] DEBUG org.springframework.test.context.support.ActiveProfilesUtils - Could not find an 'annotation declaring class' for annotation type [org.springframework.test.context.ActiveProfiles] and class [com.joshu.Joshuk8s.JoshuK8sApplicationTests]
12:41:28.300 [Test worker] DEBUG org.springframework.context.annotation.ClassPathScanningCandidateComponentProvider - Identified candidate component class: file [E:\project-test\k8s-jenkins-aws\build\classes\java\main\com\joshu\Joshuk8s\JoshuDockerDemo.class]
12:41:28.300 [Test worker] INFO org.springframework.boot.test.context.SpringBootTestContextBootstrapper - Found @SpringBootConfiguration com.joshu.Joshuk8s.JoshuDockerDemo for test class com.joshu.Joshuk8s.JoshuK8sApplicationTests
12:41:28.561 [Test worker] DEBUG org.springframework.boot.test.context.SpringBootTestContextBootstrapper - @TestExecutionListeners is not present for class [com.joshu.Joshuk8s.JoshuK8sApplicationTests]: using defaults.
12:41:28.595 [Test worker] INFO org.springframework.boot.test.context.SpringBootTestContextBootstrapper - Loaded default TestExecutionListener class names from location [META-INF/spring.factories]: [org.springframework.boot.test.autoconfigure.restdocs.RestDocsTestExecutionListener, org.springframework.boot.test.autoconfigure.web.client.MockRestServiceServerResetTestExecutionListener, org.springframework.boot.test.autoconfigure.web.servlet.MockMvcPrintOnlyOnFailureTestExecutionListener, org.springframework.boot.test.autoconfigure.web.servlet.WebDriverTestExecutionListener, org.springframework.boot.test.mock.mockito.MockitoTestExecutionListener, org.springframework.boot.test.mock.mockito.ResetMocksTestExecutionListener, org.springframework.test.context.web.ServletTestExecutionListener, org.springframework.test.context.support.DirtiesContextBeforeModesTestExecutionListener, org.springframework.test.context.support.DependencyInjectionTestExecutionListener, org.springframework.test.context.support.DirtiesContextTestExecutionListener, org.springframework.test.context.transaction.TransactionalTestExecutionListener, org.springframework.test.context.jdbc.SqlScriptsTestExecutionListener, org.springframework.test.context.event.EventPublishingTestExecutionListener]
12:41:28.660 [Test worker] DEBUG org.springframework.boot.test.context.SpringBootTestContextBootstrapper - Skipping candidate TestExecutionListener [org.springframework.test.context.transaction.TransactionalTestExecutionListener] due to a missing dependency. Specify custom listener classes or make the default listener classes and their required dependencies available. Offending class: [org/springframework/transaction/interceptor/TransactionAttributeSource]
12:41:28.660 [Test worker] DEBUG org.springframework.boot.test.context.SpringBootTestContextBootstrapper - Skipping candidate TestExecutionListener [org.springframework.test.context.jdbc.SqlScriptsTestExecutionListener] due to a missing dependency. Specify custom listener classes or make the default listener classes and their required dependencies available. Offending class: [org/springframework/transaction/interceptor/TransactionAttribute]
12:41:28.660 [Test worker] INFO org.springframework.boot.test.context.SpringBootTestContextBootstrapper - Using TestExecutionListeners: [org.springframework.test.context.web.ServletTestExecutionListener@5f820095, org.springframework.test.context.support.DirtiesContextBeforeModesTestExecutionListener@7f5c95d9, org.springframework.boot.test.mock.mockito.MockitoTestExecutionListener@34eacf1d, org.springframework.boot.test.autoconfigure.SpringBootDependencyInjectionTestExecutionListener@4df5e2e1, org.springframework.test.context.support.DirtiesContextTestExecutionListener@2bcd562, org.springframework.test.context.event.EventPublishingTestExecutionListener@19d57ab1, org.springframework.boot.test.autoconfigure.restdocs.RestDocsTestExecutionListener@7b25dcb1, org.springframework.boot.test.autoconfigure.web.client.MockRestServiceServerResetTestExecutionListener@19a5cbde, org.springframework.boot.test.autoconfigure.web.servlet.MockMvcPrintOnlyOnFailureTestExecutionListener@7d560a4d, org.springframework.boot.test.autoconfigure.web.servlet.WebDriverTestExecutionListener@4f64f7a4, org.springframework.boot.test.mock.mockito.ResetMocksTestExecutionListener@1a716aad]
12:41:28.670 [Test worker] DEBUG org.springframework.test.context.support.AbstractDirtiesContextTestExecutionListener - Before test class: context [DefaultTestContext@251ce018 testClass = JoshuK8sApplicationTests, testInstance = [null], testMethod = [null], testException = [null], mergedContextConfiguration = [WebMergedContextConfiguration@514b9619 testClass = JoshuK8sApplicationTests, locations = '{}', classes = '{class com.joshu.Joshuk8s.JoshuDockerDemo}', contextInitializerClasses = '[]', activeProfiles = '{}', propertySourceLocations = '{}', propertySourceProperties = '{org.springframework.boot.test.context.SpringBootTestContextBootstrapper=true}', contextCustomizers = set[org.springframework.boot.test.autoconfigure.properties.PropertyMappingContextCustomizer@0, org.springframework.boot.test.autoconfigure.web.servlet.WebDriverContextCustomizerFactory$Customizer@38e9272c, org.springframework.boot.test.context.filter.ExcludeFilterContextCustomizer@3ed7b5fe, org.springframework.boot.test.json.DuplicateJsonObjectContextCustomizerFactory$DuplicateJsonObjectContextCustomizer@221aac45, org.springframework.boot.test.mock.mockito.MockitoContextCustomizer@0, org.springframework.boot.test.web.client.TestRestTemplateContextCustomizer@1df26de8, org.springframework.boot.test.context.SpringBootTestArgs@1], resourceBasePath = 'src/main/webapp', contextLoader = 'org.springframework.boot.test.context.SpringBootContextLoader', parent = [null]], attributes = map['org.springframework.test.context.web.ServletTestExecutionListener.activateListener' -> true]], class annotated with @DirtiesContext [false] with mode [null].
12:41:28.721 [Test worker] DEBUG org.springframework.test.context.support.TestPropertySourceUtils - Adding inlined properties to environment: {spring.jmx.enabled=false, org.springframework.boot.test.context.SpringBootTestContextBootstrapper=true, server.port=-1}

  .   ____          _            __ _ _
 /\\ / ___'_ __ _ _(_)_ __  __ _ \ \ \ \
( ( )\___ | '_ | '_| | '_ \/ _` | \ \ \ \
 \\/  ___)| |_)| | | | | || (_| |  ) ) ) )
  '  |____| .__|_| |_|_| |_\__, | / / / /
 =========|_|==============|___/=/_/_/_/
 :: Spring Boot ::        (v2.2.7.RELEASE)

2023-08-12 12:41:29.346  INFO 9200 --- [    Test worker] c.j.Joshuk8s.JoshuK8sApplicationTests    : Starting JoshuK8sApplicationTests on DESKTOP-9M3CKKC with PID 9200 (started by ephysx in E:\project-test\k8s-jenkins-aws)
2023-08-12 12:41:29.351  INFO 9200 --- [    Test worker] c.j.Joshuk8s.JoshuK8sApplicationTests    : No active profile set, falling back to default profiles: default
2023-08-12 12:41:32.571  INFO 9200 --- [    Test worker] o.s.s.concurrent.ThreadPoolTaskExecutor  : Initializing ExecutorService 'applicationTaskExecutor'
2023-08-12 12:41:33.253  INFO 9200 --- [    Test worker] c.j.Joshuk8s.JoshuK8sApplicationTests    : Started JoshuK8sApplicationTests in 4.451 seconds (JVM running for 7.576)
]]></system-out>
  <system-err><![CDATA[]]></system-err>
</testsuite>
